13:56:34,314 [tdduy-pc][Thread:105][FATAL] DotNetNuke.Framework.PageBase - An error has occurred while loading page.
System.Web.HttpException (0x80004005): Server cannot append header after HTTP headers have been sent.
   at System.Web.HttpResponse.AppendHeader(String name, String value)
   at DotNetNuke.Framework.DefaultPage.OnPreRender(EventArgs evt) in c:\Data\Project\20170206_psw\3-Coding\code\psw\Default.aspx.cs:line 836
   at System.Web.UI.Control.PreRenderRecursiveInternal()
   at System.Web.UI.Page.ProcessRequestMain(Boolean includeStagesBeforeAsyncPoint, Boolean includeStagesAfterAsyncPoint)
13:56:34,352 [tdduy-pc][Thread:105][FATAL] DotNetNuke.Web.Common.Internal.DotNetNukeHttpApplication - System.Web.HttpException (0x80004005): Error executing child request for /ErrorPage.aspx. ---> System.Web.HttpException (0x80004005): Server cannot set content type after HTTP headers have been sent.
   at System.Web.HttpResponse.set_ContentType(String value)
   at System.Web.UI.Page.SetIntrinsics(HttpContext context, Boolean allowAsync)
   at System.Web.UI.Page.ProcessRequestWithNoAssert(HttpContext context)
   at System.Web.UI.Page.ProcessRequest(HttpContext context)
   at ASP.errorpage_aspx.ProcessRequest(HttpContext context) in c:\Windows\Microsoft.NET\Framework64\v4.0.30319\Temporary ASP.NET Files\root\2eb33aa4\6ab801b\App_Web_5bysn43m.0.cs:line 0
   at System.Web.HttpServerUtility.ExecuteInternal(IHttpHandler handler, TextWriter writer, Boolean preserveForm, Boolean setPreviousPage, VirtualPath path, VirtualPath filePath, String physPath, Exception error, String queryStringOverride)
   at System.Web.HttpServerUtility.ExecuteInternal(IHttpHandler handler, TextWriter writer, Boolean preserveForm, Boolean setPreviousPage, VirtualPath path, VirtualPath filePath, String physPath, Exception error, String queryStringOverride)
   at System.Web.HttpServerUtility.Execute(String path, TextWriter writer, Boolean preserveForm)
   at System.Web.HttpServerUtility.Transfer(String path, Boolean preserveForm)
   at System.Web.HttpServerUtility.Transfer(String path)
   at DotNetNuke.Framework.PageBase.OnError(EventArgs e)
   at System.Web.UI.Page.HandleError(Exception e)
   at System.Web.UI.Page.ProcessRequestMain(Boolean includeStagesBeforeAsyncPoint, Boolean includeStagesAfterAsyncPoint)
   at System.Web.UI.Page.ProcessRequest(Boolean includeStagesBeforeAsyncPoint, Boolean includeStagesAfterAsyncPoint)
   at System.Web.UI.Page.ProcessRequest()
   at System.Web.UI.Page.ProcessRequest(HttpContext context)
   at ASP.default_aspx.ProcessRequest(HttpContext context) in c:\Windows\Microsoft.NET\Framework64\v4.0.30319\Temporary ASP.NET Files\root\2eb33aa4\6ab801b\App_Web_5bysn43m.4.cs:line 0
   at System.Web.HttpApplication.CallHandlerExecutionStep.System.Web.HttpApplication.IExecutionStep.Execute()
   at System.Web.HttpApplication.ExecuteStep(IExecutionStep step, Boolean& completedSynchronously)
14:20:51,794 [tdduy-pc][Thread:110][FATAL] DotNetNuke.Framework.PageBase - An error has occurred while loading page.
System.Web.HttpException (0x80004005): The value '0.0' of the ValueToCompare property of 'CompareValidator2' cannot be converted to type 'Double'.
   at System.Web.UI.WebControls.CompareValidator.ControlPropertiesValid()
   at System.Web.UI.WebControls.BaseValidator.OnPreRender(EventArgs e)
   at System.Web.UI.Control.PreRenderRecursiveInternal()
   at System.Web.UI.Control.PreRenderRecursiveInternal()
   at System.Web.UI.Control.PreRenderRecursiveInternal()
   at System.Web.UI.Control.PreRenderRecursiveInternal()
   at System.Web.UI.Control.PreRenderRecursiveInternal()
   at System.Web.UI.Control.PreRenderRecursiveInternal()
   at System.Web.UI.Control.PreRenderRecursiveInternal()
   at System.Web.UI.Control.PreRenderRecursiveInternal()
   at System.Web.UI.Control.PreRenderRecursiveInternal()
   at System.Web.UI.Control.PreRenderRecursiveInternal()
   at System.Web.UI.Control.PreRenderRecursiveInternal()
   at System.Web.UI.Control.PreRenderRecursiveInternal()
   at System.Web.UI.Control.PreRenderRecursiveInternal()
   at System.Web.UI.Control.PreRenderRecursiveInternal()
   at System.Web.UI.Control.PreRenderRecursiveInternal()
   at System.Web.UI.Page.ProcessRequestMain(Boolean includeStagesBeforeAsyncPoint, Boolean includeStagesAfterAsyncPoint)
14:20:51,911 [tdduy-pc][Thread:110][ERROR] DotNetNuke.Services.Exceptions.Exceptions - DotNetNuke.Services.Exceptions.PageLoadException: The value '0.0' of the ValueToCompare property of 'CompareValidator2' cannot be converted to type 'Double'. ---> System.Web.HttpException: The value '0.0' of the ValueToCompare property of 'CompareValidator2' cannot be converted to type 'Double'.
   at System.Web.UI.WebControls.CompareValidator.ControlPropertiesValid()
   at System.Web.UI.WebControls.BaseValidator.OnPreRender(EventArgs e)
   at System.Web.UI.Control.PreRenderRecursiveInternal()
   at System.Web.UI.Control.PreRenderRecursiveInternal()
   at System.Web.UI.Control.PreRenderRecursiveInternal()
   at System.Web.UI.Control.PreRenderRecursiveInternal()
   at System.Web.UI.Control.PreRenderRecursiveInternal()
   at System.Web.UI.Control.PreRenderRecursiveInternal()
   at System.Web.UI.Control.PreRenderRecursiveInternal()
   at System.Web.UI.Control.PreRenderRecursiveInternal()
   at System.Web.UI.Control.PreRenderRecursiveInternal()
   at System.Web.UI.Control.PreRenderRecursiveInternal()
   at System.Web.UI.Control.PreRenderRecursiveInternal()
   at System.Web.UI.Control.PreRenderRecursiveInternal()
   at System.Web.UI.Control.PreRenderRecursiveInternal()
   at System.Web.UI.Control.PreRenderRecursiveInternal()
   at System.Web.UI.Control.PreRenderRecursiveInternal()
   at System.Web.UI.Page.ProcessRequestMain(Boolean includeStagesBeforeAsyncPoint, Boolean includeStagesAfterAsyncPoint)
   --- End of inner exception stack trace ---
14:20:57,603 [tdduy-pc][Thread:110][FATAL] DotNetNuke.Framework.PageBase - An error has occurred while loading page.
System.Web.HttpException (0x80004005): The value '0.0' of the ValueToCompare property of 'CompareValidator2' cannot be converted to type 'Double'.
   at System.Web.UI.WebControls.CompareValidator.ControlPropertiesValid()
   at System.Web.UI.WebControls.BaseValidator.OnPreRender(EventArgs e)
   at System.Web.UI.Control.PreRenderRecursiveInternal()
   at System.Web.UI.Control.PreRenderRecursiveInternal()
   at System.Web.UI.Control.PreRenderRecursiveInternal()
   at System.Web.UI.Control.PreRenderRecursiveInternal()
   at System.Web.UI.Control.PreRenderRecursiveInternal()
   at System.Web.UI.Control.PreRenderRecursiveInternal()
   at System.Web.UI.Control.PreRenderRecursiveInternal()
   at System.Web.UI.Control.PreRenderRecursiveInternal()
   at System.Web.UI.Control.PreRenderRecursiveInternal()
   at System.Web.UI.Control.PreRenderRecursiveInternal()
   at System.Web.UI.Control.PreRenderRecursiveInternal()
   at System.Web.UI.Control.PreRenderRecursiveInternal()
   at System.Web.UI.Control.PreRenderRecursiveInternal()
   at System.Web.UI.Control.PreRenderRecursiveInternal()
   at System.Web.UI.Control.PreRenderRecursiveInternal()
   at System.Web.UI.Page.ProcessRequestMain(Boolean includeStagesBeforeAsyncPoint, Boolean includeStagesAfterAsyncPoint)
14:20:57,609 [tdduy-pc][Thread:110][ERROR] DotNetNuke.Services.Exceptions.Exceptions - DotNetNuke.Services.Exceptions.PageLoadException: The value '0.0' of the ValueToCompare property of 'CompareValidator2' cannot be converted to type 'Double'. ---> System.Web.HttpException: The value '0.0' of the ValueToCompare property of 'CompareValidator2' cannot be converted to type 'Double'.
   at System.Web.UI.WebControls.CompareValidator.ControlPropertiesValid()
   at System.Web.UI.WebControls.BaseValidator.OnPreRender(EventArgs e)
   at System.Web.UI.Control.PreRenderRecursiveInternal()
   at System.Web.UI.Control.PreRenderRecursiveInternal()
   at System.Web.UI.Control.PreRenderRecursiveInternal()
   at System.Web.UI.Control.PreRenderRecursiveInternal()
   at System.Web.UI.Control.PreRenderRecursiveInternal()
   at System.Web.UI.Control.PreRenderRecursiveInternal()
   at System.Web.UI.Control.PreRenderRecursiveInternal()
   at System.Web.UI.Control.PreRenderRecursiveInternal()
   at System.Web.UI.Control.PreRenderRecursiveInternal()
   at System.Web.UI.Control.PreRenderRecursiveInternal()
   at System.Web.UI.Control.PreRenderRecursiveInternal()
   at System.Web.UI.Control.PreRenderRecursiveInternal()
   at System.Web.UI.Control.PreRenderRecursiveInternal()
   at System.Web.UI.Control.PreRenderRecursiveInternal()
   at System.Web.UI.Control.PreRenderRecursiveInternal()
   at System.Web.UI.Page.ProcessRequestMain(Boolean includeStagesBeforeAsyncPoint, Boolean includeStagesAfterAsyncPoint)
   --- End of inner exception stack trace ---
14:21:40,800 [tdduy-pc][Thread:129][FATAL] DotNetNuke.Framework.PageBase - An error has occurred while loading page.
System.Web.HttpException (0x80004005): The value '0.0' of the ValueToCompare property of 'CompareValidator2' cannot be converted to type 'Double'.
   at System.Web.UI.WebControls.CompareValidator.ControlPropertiesValid()
   at System.Web.UI.WebControls.BaseValidator.OnPreRender(EventArgs e)
   at System.Web.UI.Control.PreRenderRecursiveInternal()
   at System.Web.UI.Control.PreRenderRecursiveInternal()
   at System.Web.UI.Control.PreRenderRecursiveInternal()
   at System.Web.UI.Control.PreRenderRecursiveInternal()
   at System.Web.UI.Control.PreRenderRecursiveInternal()
   at System.Web.UI.Control.PreRenderRecursiveInternal()
   at System.Web.UI.Control.PreRenderRecursiveInternal()
   at System.Web.UI.Control.PreRenderRecursiveInternal()
   at System.Web.UI.Control.PreRenderRecursiveInternal()
   at System.Web.UI.Control.PreRenderRecursiveInternal()
   at System.Web.UI.Control.PreRenderRecursiveInternal()
   at System.Web.UI.Control.PreRenderRecursiveInternal()
   at System.Web.UI.Control.PreRenderRecursiveInternal()
   at System.Web.UI.Control.PreRenderRecursiveInternal()
   at System.Web.UI.Control.PreRenderRecursiveInternal()
   at System.Web.UI.Page.ProcessRequestMain(Boolean includeStagesBeforeAsyncPoint, Boolean includeStagesAfterAsyncPoint)
14:21:40,805 [tdduy-pc][Thread:129][ERROR] DotNetNuke.Services.Exceptions.Exceptions - DotNetNuke.Services.Exceptions.PageLoadException: The value '0.0' of the ValueToCompare property of 'CompareValidator2' cannot be converted to type 'Double'. ---> System.Web.HttpException: The value '0.0' of the ValueToCompare property of 'CompareValidator2' cannot be converted to type 'Double'.
   at System.Web.UI.WebControls.CompareValidator.ControlPropertiesValid()
   at System.Web.UI.WebControls.BaseValidator.OnPreRender(EventArgs e)
   at System.Web.UI.Control.PreRenderRecursiveInternal()
   at System.Web.UI.Control.PreRenderRecursiveInternal()
   at System.Web.UI.Control.PreRenderRecursiveInternal()
   at System.Web.UI.Control.PreRenderRecursiveInternal()
   at System.Web.UI.Control.PreRenderRecursiveInternal()
   at System.Web.UI.Control.PreRenderRecursiveInternal()
   at System.Web.UI.Control.PreRenderRecursiveInternal()
   at System.Web.UI.Control.PreRenderRecursiveInternal()
   at System.Web.UI.Control.PreRenderRecursiveInternal()
   at System.Web.UI.Control.PreRenderRecursiveInternal()
   at System.Web.UI.Control.PreRenderRecursiveInternal()
   at System.Web.UI.Control.PreRenderRecursiveInternal()
   at System.Web.UI.Control.PreRenderRecursiveInternal()
   at System.Web.UI.Control.PreRenderRecursiveInternal()
   at System.Web.UI.Control.PreRenderRecursiveInternal()
   at System.Web.UI.Page.ProcessRequestMain(Boolean includeStagesBeforeAsyncPoint, Boolean includeStagesAfterAsyncPoint)
   --- End of inner exception stack trace ---
14:25:13,481 [tdduy-pc][Thread:78][FATAL] DotNetNuke.Framework.PageBase - An error has occurred while loading page.
System.FormatException: Input string was not in a correct format.
   at System.Number.StringToNumber(String str, NumberStyles options, NumberBuffer& number, NumberFormatInfo info, Boolean parseDecimal)
   at System.Number.ParseInt32(String s, NumberStyles style, NumberFormatInfo info)
   at PSW.LENHXUATHANG_HANGHOA_CN.CustomValidator2_ServerValidate(Object source, ServerValidateEventArgs args) in c:\Data\Project\20170206_psw\3-Coding\code\psw\DesktopModules\PSW\LENHXUATHANG_HANGHOA_CN.ascx.cs:line 305
   at System.Web.UI.WebControls.CustomValidator.OnServerValidate(String value)
   at System.Web.UI.WebControls.BaseValidator.Validate()
   at System.Web.UI.Page.Validate()
   at System.Web.UI.WebControls.LinkButton.RaisePostBackEvent(String eventArgument)
   at System.Web.UI.Page.ProcessRequestMain(Boolean includeStagesBeforeAsyncPoint, Boolean includeStagesAfterAsyncPoint)
14:25:13,485 [tdduy-pc][Thread:78][ERROR] DotNetNuke.Services.Exceptions.Exceptions - ~/Default.aspx?tabid=230&error=Input+string+was+not+in+a+correct+format.
System.FormatException: Input string was not in a correct format.
   at System.Number.StringToNumber(String str, NumberStyles options, NumberBuffer& number, NumberFormatInfo info, Boolean parseDecimal)
   at System.Number.ParseInt32(String s, NumberStyles style, NumberFormatInfo info)
   at PSW.LENHXUATHANG_HANGHOA_CN.CustomValidator2_ServerValidate(Object source, ServerValidateEventArgs args) in c:\Data\Project\20170206_psw\3-Coding\code\psw\DesktopModules\PSW\LENHXUATHANG_HANGHOA_CN.ascx.cs:line 305
   at System.Web.UI.WebControls.CustomValidator.OnServerValidate(String value)
   at System.Web.UI.WebControls.BaseValidator.Validate()
   at System.Web.UI.Page.Validate()
   at System.Web.UI.WebControls.LinkButton.RaisePostBackEvent(String eventArgument)
   at System.Web.UI.Page.ProcessRequestMain(Boolean includeStagesBeforeAsyncPoint, Boolean includeStagesAfterAsyncPoint)
14:25:33,837 [tdduy-pc][Thread:17][FATAL] DotNetNuke.Framework.PageBase - An error has occurred while loading page.
System.FormatException: Input string was not in a correct format.
   at System.Number.StringToNumber(String str, NumberStyles options, NumberBuffer& number, NumberFormatInfo info, Boolean parseDecimal)
   at System.Number.ParseInt32(String s, NumberStyles style, NumberFormatInfo info)
   at PSW.LENHXUATHANG_HANGHOA_CN.CustomValidator2_ServerValidate(Object source, ServerValidateEventArgs args) in c:\Data\Project\20170206_psw\3-Coding\code\psw\DesktopModules\PSW\LENHXUATHANG_HANGHOA_CN.ascx.cs:line 305
   at System.Web.UI.WebControls.CustomValidator.OnServerValidate(String value)
   at System.Web.UI.WebControls.BaseValidator.Validate()
   at System.Web.UI.Page.Validate()
   at System.Web.UI.WebControls.LinkButton.RaisePostBackEvent(String eventArgument)
   at System.Web.UI.Page.ProcessRequestMain(Boolean includeStagesBeforeAsyncPoint, Boolean includeStagesAfterAsyncPoint)
14:25:33,840 [tdduy-pc][Thread:17][ERROR] DotNetNuke.Services.Exceptions.Exceptions - ~/Default.aspx?tabid=230&error=Input+string+was+not+in+a+correct+format.
System.FormatException: Input string was not in a correct format.
   at System.Number.StringToNumber(String str, NumberStyles options, NumberBuffer& number, NumberFormatInfo info, Boolean parseDecimal)
   at System.Number.ParseInt32(String s, NumberStyles style, NumberFormatInfo info)
   at PSW.LENHXUATHANG_HANGHOA_CN.CustomValidator2_ServerValidate(Object source, ServerValidateEventArgs args) in c:\Data\Project\20170206_psw\3-Coding\code\psw\DesktopModules\PSW\LENHXUATHANG_HANGHOA_CN.ascx.cs:line 305
   at System.Web.UI.WebControls.CustomValidator.OnServerValidate(String value)
   at System.Web.UI.WebControls.BaseValidator.Validate()
   at System.Web.UI.Page.Validate()
   at System.Web.UI.WebControls.LinkButton.RaisePostBackEvent(String eventArgument)
   at System.Web.UI.Page.ProcessRequestMain(Boolean includeStagesBeforeAsyncPoint, Boolean includeStagesAfterAsyncPoint)
14:54:48,441 [tdduy-pc][Thread:39][ERROR] DotNetNuke.Services.Exceptions.Exceptions - System.NullReferenceException: Object reference not set to an instance of an object.
   at DotNetNuke.Web.UI.Utilities.ApplySkin(Control telerikControl, String fallBackEmbeddedSkinName, String controlName, String webControlSkinSubFolderName)
14:55:09,246 [tdduy-pc][Thread:106][ERROR] DotNetNuke.Services.Exceptions.Exceptions - System.InvalidOperationException: You must enable Web Parts by adding a WebPartManager to your page.  The WebPartManager must be placed before any Web Part controls on the page.
   at System.Web.UI.WebControls.WebParts.WebZone.OnInit(EventArgs e)
   at System.Web.UI.WebControls.WebParts.ToolZone.OnInit(EventArgs e)
   at System.Web.UI.Control.InitRecursive(Control namingContainer)
   at System.Web.UI.Control.InitRecursive(Control namingContainer)
   at System.Web.UI.Control.InitRecursive(Control namingContainer)
   at System.Web.UI.Control.AddedControl(Control control, Int32 index)
   at DotNetNuke.UI.Modules.ModuleHost.InjectModuleContent(Control content)
   at DotNetNuke.UI.Modules.ModuleHost.CreateChildControls()
   at System.Web.UI.Control.EnsureChildControls()
   at DotNetNuke.UI.Containers.Container.get_ModuleControl()
   at DotNetNuke.UI.Containers.Container.ProcessModule()
   at DotNetNuke.UI.Skins.Pane.InjectModule(ModuleInfo module)
14:55:09,249 [tdduy-pc][Thread:106][ERROR] DotNetNuke.Services.Exceptions.Exceptions - DotNetNuke.Services.Exceptions.ModuleLoadException: L?i không lu?n gi?i du?c khi thêm module vào ContentPane  ---> System.InvalidOperationException: You must enable Web Parts by adding a WebPartManager to your page.  The WebPartManager must be placed before any Web Part controls on the page.
   at System.Web.UI.WebControls.WebParts.WebZone.OnInit(EventArgs e)
   at System.Web.UI.WebControls.WebParts.ToolZone.OnInit(EventArgs e)
   at System.Web.UI.Control.InitRecursive(Control namingContainer)
   at System.Web.UI.Control.InitRecursive(Control namingContainer)
   at System.Web.UI.Control.InitRecursive(Control namingContainer)
   at System.Web.UI.Control.AddedControl(Control control, Int32 index)
   at DotNetNuke.UI.Modules.ModuleHost.InjectModuleContent(Control content)
   at DotNetNuke.UI.Modules.ModuleHost.CreateChildControls()
   at System.Web.UI.Control.EnsureChildControls()
   at DotNetNuke.UI.Containers.Container.get_ModuleControl()
   at DotNetNuke.UI.Containers.Container.ProcessModule()
   at DotNetNuke.UI.Skins.Pane.InjectModule(ModuleInfo module)
   --- End of inner exception stack trace ---
   at DotNetNuke.UI.Skins.Pane.InjectModule(ModuleInfo module)
   at DotNetNuke.UI.Skins.Skin.InjectModule(Pane pane, ModuleInfo module)
14:55:09,272 [tdduy-pc][Thread:106][FATAL] DotNetNuke.Framework.PageBase - An error has occurred while loading page.
System.InvalidOperationException: A Zone can only be added to the Page in or before the Page_Init event.
   at System.Web.UI.WebControls.WebParts.WebZone.OnInit(EventArgs e)
   at System.Web.UI.WebControls.WebParts.ToolZone.OnInit(EventArgs e)
   at System.Web.UI.Control.InitRecursive(Control namingContainer)
   at System.Web.UI.Control.InitRecursive(Control namingContainer)
   at System.Web.UI.Control.InitRecursive(Control namingContainer)
   at System.Web.UI.Control.AddedControl(Control control, Int32 index)
   at DotNetNuke.UI.Modules.ModuleHost.InjectModuleContent(Control content)
   at DotNetNuke.UI.Modules.ModuleHost.CreateChildControls()
   at System.Web.UI.Control.EnsureChildControls()
   at System.Web.UI.Control.PreRenderRecursiveInternal()
   at System.Web.UI.Control.PreRenderRecursiveInternal()
   at System.Web.UI.Control.PreRenderRecursiveInternal()
   at System.Web.UI.Control.PreRenderRecursiveInternal()
   at System.Web.UI.Control.PreRenderRecursiveInternal()
   at System.Web.UI.Control.PreRenderRecursiveInternal()
   at System.Web.UI.Control.PreRenderRecursiveInternal()
   at System.Web.UI.Control.PreRenderRecursiveInternal()
   at System.Web.UI.Control.PreRenderRecursiveInternal()
   at System.Web.UI.Control.PreRenderRecursiveInternal()
   at System.Web.UI.Page.ProcessRequestMain(Boolean includeStagesBeforeAsyncPoint, Boolean includeStagesAfterAsyncPoint)
14:55:09,274 [tdduy-pc][Thread:106][ERROR] DotNetNuke.Services.Exceptions.Exceptions - ~/Default.aspx?tabid=217&error=A+Zone+can+only+be+added+to+the+Page+in+or+before+the+Page_Init+event.
System.InvalidOperationException: A Zone can only be added to the Page in or before the Page_Init event.
   at System.Web.UI.WebControls.WebParts.WebZone.OnInit(EventArgs e)
   at System.Web.UI.WebControls.WebParts.ToolZone.OnInit(EventArgs e)
   at System.Web.UI.Control.InitRecursive(Control namingContainer)
   at System.Web.UI.Control.InitRecursive(Control namingContainer)
   at System.Web.UI.Control.InitRecursive(Control namingContainer)
   at System.Web.UI.Control.AddedControl(Control control, Int32 index)
   at DotNetNuke.UI.Modules.ModuleHost.InjectModuleContent(Control content)
   at DotNetNuke.UI.Modules.ModuleHost.CreateChildControls()
   at System.Web.UI.Control.EnsureChildControls()
   at System.Web.UI.Control.PreRenderRecursiveInternal()
   at System.Web.UI.Control.PreRenderRecursiveInternal()
   at System.Web.UI.Control.PreRenderRecursiveInternal()
   at System.Web.UI.Control.PreRenderRecursiveInternal()
   at System.Web.UI.Control.PreRenderRecursiveInternal()
   at System.Web.UI.Control.PreRenderRecursiveInternal()
   at System.Web.UI.Control.PreRenderRecursiveInternal()
   at System.Web.UI.Control.PreRenderRecursiveInternal()
   at System.Web.UI.Control.PreRenderRecursiveInternal()
   at System.Web.UI.Control.PreRenderRecursiveInternal()
   at System.Web.UI.Page.ProcessRequestMain(Boolean includeStagesBeforeAsyncPoint, Boolean includeStagesAfterAsyncPoint)
14:57:00,381 [tdduy-pc][Thread:109][ERROR] DotNetNuke.UI.Modules.ModuleHost - System.Web.HttpParseException (0x80004005): Could not load file or assembly 'AjaxControlToolkit' or one of its dependencies. The system cannot find the file specified. ---> System.Web.HttpParseException (0x80004005): Could not load file or assembly 'AjaxControlToolkit' or one of its dependencies. The system cannot find the file specified. ---> System.IO.FileNotFoundException: Could not load file or assembly 'AjaxControlToolkit' or one of its dependencies. The system cannot find the file specified.
File name: 'AjaxControlToolkit'
   at System.Reflection.RuntimeAssembly._nLoad(AssemblyName fileName, String codeBase, Evidence assemblySecurity, RuntimeAssembly locationHint, StackCrawlMark& stackMark, IntPtr pPrivHostBinder, Boolean throwOnFileNotFound, Boolean forIntrospection, Boolean suppressSecurityChecks)
   at System.Reflection.RuntimeAssembly.InternalLoadAssemblyName(AssemblyName assemblyRef, Evidence assemblySecurity, RuntimeAssembly reqAssembly, StackCrawlMark& stackMark, IntPtr pPrivHostBinder, Boolean throwOnFileNotFound, Boolean forIntrospection, Boolean suppressSecurityChecks)
   at System.Reflection.RuntimeAssembly.InternalLoad(String assemblyString, Evidence assemblySecurity, StackCrawlMark& stackMark, IntPtr pPrivHostBinder, Boolean forIntrospection)
   at System.Reflection.RuntimeAssembly.InternalLoad(String assemblyString, Evidence assemblySecurity, StackCrawlMark& stackMark, Boolean forIntrospection)
   at System.Reflection.Assembly.Load(String assemblyString)
   at System.Web.Configuration.CompilationSection.LoadAssembly(String assemblyName, Boolean throwOnFail)
   at System.Web.UI.TemplateParser.AddAssemblyDependency(String assemblyName, Boolean addDependentAssemblies)
   at System.Web.UI.MainTagNameToTypeMapper.ProcessTagNamespaceRegistrationCore(TagNamespaceRegisterEntry nsRegisterEntry)
   at System.Web.UI.BaseTemplateParser.ProcessDirective(String directiveName, IDictionary directive)
   at System.Web.UI.TemplateParser.ParseStringInternal(String text, Encoding fileEncoding)

WRN: Assembly binding logging is turned OFF.
To enable assembly bind failure logging, set the registry value [HKLM\Software\Microsoft\Fusion!EnableLog] (DWORD) to 1.
Note: There is some performance penalty associated with assembly bind failure logging.
To turn this feature off, remove the registry value [HKLM\Software\Microsoft\Fusion!EnableLog].

   at System.Web.UI.TemplateParser.ProcessException(Exception ex)
   at System.Web.UI.TemplateParser.ParseStringInternal(String text, Encoding fileEncoding)
   at System.Web.UI.TemplateParser.ParseString(String text, VirtualPath virtualPath, Encoding fileEncoding)
   at System.Web.UI.TemplateParser.ParseString(String text, VirtualPath virtualPath, Encoding fileEncoding)
   at System.Web.UI.TemplateParser.ParseFile(String physicalPath, VirtualPath virtualPath)
   at System.Web.UI.TemplateParser.ParseInternal()
   at System.Web.UI.TemplateParser.Parse()
   at System.Web.Compilation.BaseTemplateBuildProvider.get_CodeCompilerType()
   at System.Web.Compilation.BuildProvider.GetCompilerTypeFromBuildProvider(BuildProvider buildProvider)
   at System.Web.Compilation.BuildProvidersCompiler.ProcessBuildProviders()
   at System.Web.Compilation.BuildProvidersCompiler.PerformBuild()
   at System.Web.Compilation.BuildManager.CompileWebFile(VirtualPath virtualPath)
   at System.Web.Compilation.BuildManager.GetVPathBuildResultInternal(VirtualPath virtualPath, Boolean noBuild, Boolean allowCrossApp, Boolean allowBuildInPrecompile, Boolean throwIfNotFound, Boolean ensureIsUpToDate)
   at System.Web.Compilation.BuildManager.GetVPathBuildResultWithNoAssert(HttpContext context, VirtualPath virtualPath, Boolean noBuild, Boolean allowCrossApp, Boolean allowBuildInPrecompile, Boolean throwIfNotFound, Boolean ensureIsUpToDate)
   at System.Web.Compilation.BuildManager.GetVPathBuildResult(HttpContext context, VirtualPath virtualPath, Boolean noBuild, Boolean allowCrossApp, Boolean allowBuildInPrecompile, Boolean ensureIsUpToDate)
   at System.Web.UI.TemplateControl.LoadControl(VirtualPath virtualPath)
   at DotNetNuke.UI.ControlUtilities.LoadControl[T](TemplateControl containerControl, String ControlSrc)
   at DotNetNuke.UI.Modules.ModuleControlFactory.LoadModuleControl(TemplateControl containerControl, ModuleInfo moduleConfiguration)
   at DotNetNuke.UI.Modules.ModuleHost.LoadModuleControl()
14:57:00,419 [tdduy-pc][Thread:109][ERROR] DotNetNuke.Services.Exceptions.Exceptions - FriendlyMessage="L?i:  hi?n chua có." ctrl="DotNetNuke.UI.Modules.ModuleControlBase" exc="System.Web.HttpParseException (0x80004005): Could not load file or assembly 'AjaxControlToolkit' or one of its dependencies. The system cannot find the file specified. ---> System.Web.HttpParseException (0x80004005): Could not load file or assembly 'AjaxControlToolkit' or one of its dependencies. The system cannot find the file specified. ---> System.IO.FileNotFoundException: Could not load file or assembly 'AjaxControlToolkit' or one of its dependencies. The system cannot find the file specified.
File name: 'AjaxControlToolkit'
   at System.Reflection.RuntimeAssembly._nLoad(AssemblyName fileName, String codeBase, Evidence assemblySecurity, RuntimeAssembly locationHint, StackCrawlMark& stackMark, IntPtr pPrivHostBinder, Boolean throwOnFileNotFound, Boolean forIntrospection, Boolean suppressSecurityChecks)
   at System.Reflection.RuntimeAssembly.InternalLoadAssemblyName(AssemblyName assemblyRef, Evidence assemblySecurity, RuntimeAssembly reqAssembly, StackCrawlMark& stackMark, IntPtr pPrivHostBinder, Boolean throwOnFileNotFound, Boolean forIntrospection, Boolean suppressSecurityChecks)
   at System.Reflection.RuntimeAssembly.InternalLoad(String assemblyString, Evidence assemblySecurity, StackCrawlMark& stackMark, IntPtr pPrivHostBinder, Boolean forIntrospection)
   at System.Reflection.RuntimeAssembly.InternalLoad(String assemblyString, Evidence assemblySecurity, StackCrawlMark& stackMark, Boolean forIntrospection)
   at System.Reflection.Assembly.Load(String assemblyString)
   at System.Web.Configuration.CompilationSection.LoadAssembly(String assemblyName, Boolean throwOnFail)
   at System.Web.UI.TemplateParser.AddAssemblyDependency(String assemblyName, Boolean addDependentAssemblies)
   at System.Web.UI.MainTagNameToTypeMapper.ProcessTagNamespaceRegistrationCore(TagNamespaceRegisterEntry nsRegisterEntry)
   at System.Web.UI.BaseTemplateParser.ProcessDirective(String directiveName, IDictionary directive)
   at System.Web.UI.TemplateParser.ParseStringInternal(String text, Encoding fileEncoding)

WRN: Assembly binding logging is turned OFF.
To enable assembly bind failure logging, set the registry value [HKLM\Software\Microsoft\Fusion!EnableLog] (DWORD) to 1.
Note: There is some performance penalty associated with assembly bind failure logging.
To turn this feature off, remove the registry value [HKLM\Software\Microsoft\Fusion!EnableLog].

   at System.Web.UI.TemplateParser.ProcessException(Exception ex)
   at System.Web.UI.TemplateParser.ParseStringInternal(String text, Encoding fileEncoding)
   at System.Web.UI.TemplateParser.ParseString(String text, VirtualPath virtualPath, Encoding fileEncoding)
   at System.Web.UI.TemplateParser.ParseString(String text, VirtualPath virtualPath, Encoding fileEncoding)
   at System.Web.UI.TemplateParser.ParseFile(String physicalPath, VirtualPath virtualPath)
   at System.Web.UI.TemplateParser.ParseInternal()
   at System.Web.UI.TemplateParser.Parse()
   at System.Web.Compilation.BaseTemplateBuildProvider.get_CodeCompilerType()
   at System.Web.Compilation.BuildProvider.GetCompilerTypeFromBuildProvider(BuildProvider buildProvider)
   at System.Web.Compilation.BuildProvidersCompiler.ProcessBuildProviders()
   at System.Web.Compilation.BuildProvidersCompiler.PerformBuild()
   at System.Web.Compilation.BuildManager.CompileWebFile(VirtualPath virtualPath)
   at System.Web.Compilation.BuildManager.GetVPathBuildResultInternal(VirtualPath virtualPath, Boolean noBuild, Boolean allowCrossApp, Boolean allowBuildInPrecompile, Boolean throwIfNotFound, Boolean ensureIsUpToDate)
   at System.Web.Compilation.BuildManager.GetVPathBuildResultWithNoAssert(HttpContext context, VirtualPath virtualPath, Boolean noBuild, Boolean allowCrossApp, Boolean allowBuildInPrecompile, Boolean throwIfNotFound, Boolean ensureIsUpToDate)
   at System.Web.Compilation.BuildManager.GetVPathBuildResult(HttpContext context, VirtualPath virtualPath, Boolean noBuild, Boolean allowCrossApp, Boolean allowBuildInPrecompile, Boolean ensureIsUpToDate)
   at System.Web.UI.TemplateControl.LoadControl(VirtualPath virtualPath)
   at DotNetNuke.UI.ControlUtilities.LoadControl[T](TemplateControl containerControl, String ControlSrc)
   at DotNetNuke.UI.Modules.ModuleControlFactory.LoadModuleControl(TemplateControl containerControl, ModuleInfo moduleConfiguration)
   at DotNetNuke.UI.Modules.ModuleHost.LoadModuleControl()"
14:59:40,089 [tdduy-pc][Thread:113][ERROR] DotNetNuke.UI.Modules.ModuleHost - System.Web.HttpParseException (0x80004005): Could not load file or assembly 'AjaxControlToolkit' or one of its dependencies. The system cannot find the file specified. ---> System.Web.HttpParseException (0x80004005): Could not load file or assembly 'AjaxControlToolkit' or one of its dependencies. The system cannot find the file specified. ---> System.IO.FileNotFoundException: Could not load file or assembly 'AjaxControlToolkit' or one of its dependencies. The system cannot find the file specified.
File name: 'AjaxControlToolkit'
   at System.Reflection.RuntimeAssembly._nLoad(AssemblyName fileName, String codeBase, Evidence assemblySecurity, RuntimeAssembly locationHint, StackCrawlMark& stackMark, IntPtr pPrivHostBinder, Boolean throwOnFileNotFound, Boolean forIntrospection, Boolean suppressSecurityChecks)
   at System.Reflection.RuntimeAssembly.InternalLoadAssemblyName(AssemblyName assemblyRef, Evidence assemblySecurity, RuntimeAssembly reqAssembly, StackCrawlMark& stackMark, IntPtr pPrivHostBinder, Boolean throwOnFileNotFound, Boolean forIntrospection, Boolean suppressSecurityChecks)
   at System.Reflection.RuntimeAssembly.InternalLoad(String assemblyString, Evidence assemblySecurity, StackCrawlMark& stackMark, IntPtr pPrivHostBinder, Boolean forIntrospection)
   at System.Reflection.RuntimeAssembly.InternalLoad(String assemblyString, Evidence assemblySecurity, StackCrawlMark& stackMark, Boolean forIntrospection)
   at System.Reflection.Assembly.Load(String assemblyString)
   at System.Web.Configuration.CompilationSection.LoadAssembly(String assemblyName, Boolean throwOnFail)
   at System.Web.UI.TemplateParser.AddAssemblyDependency(String assemblyName, Boolean addDependentAssemblies)
   at System.Web.UI.MainTagNameToTypeMapper.ProcessTagNamespaceRegistrationCore(TagNamespaceRegisterEntry nsRegisterEntry)
   at System.Web.UI.BaseTemplateParser.ProcessDirective(String directiveName, IDictionary directive)
   at System.Web.UI.TemplateParser.ParseStringInternal(String text, Encoding fileEncoding)

WRN: Assembly binding logging is turned OFF.
To enable assembly bind failure logging, set the registry value [HKLM\Software\Microsoft\Fusion!EnableLog] (DWORD) to 1.
Note: There is some performance penalty associated with assembly bind failure logging.
To turn this feature off, remove the registry value [HKLM\Software\Microsoft\Fusion!EnableLog].

   at System.Web.UI.TemplateParser.ProcessException(Exception ex)
   at System.Web.UI.TemplateParser.ParseStringInternal(String text, Encoding fileEncoding)
   at System.Web.UI.TemplateParser.ParseString(String text, VirtualPath virtualPath, Encoding fileEncoding)
   at System.Web.UI.TemplateParser.ParseString(String text, VirtualPath virtualPath, Encoding fileEncoding)
   at System.Web.UI.TemplateParser.ParseFile(String physicalPath, VirtualPath virtualPath)
   at System.Web.UI.TemplateParser.ParseInternal()
   at System.Web.UI.TemplateParser.Parse()
   at System.Web.Compilation.BaseTemplateBuildProvider.get_CodeCompilerType()
   at System.Web.Compilation.BuildProvider.GetCompilerTypeFromBuildProvider(BuildProvider buildProvider)
   at System.Web.Compilation.BuildProvidersCompiler.ProcessBuildProviders()
   at System.Web.Compilation.BuildProvidersCompiler.PerformBuild()
   at System.Web.Compilation.BuildManager.CompileWebFile(VirtualPath virtualPath)
   at System.Web.Compilation.BuildManager.GetVPathBuildResultInternal(VirtualPath virtualPath, Boolean noBuild, Boolean allowCrossApp, Boolean allowBuildInPrecompile, Boolean throwIfNotFound, Boolean ensureIsUpToDate)
   at System.Web.Compilation.BuildManager.GetVPathBuildResultWithNoAssert(HttpContext context, VirtualPath virtualPath, Boolean noBuild, Boolean allowCrossApp, Boolean allowBuildInPrecompile, Boolean throwIfNotFound, Boolean ensureIsUpToDate)
   at System.Web.Compilation.BuildManager.GetVPathBuildResult(HttpContext context, VirtualPath virtualPath, Boolean noBuild, Boolean allowCrossApp, Boolean allowBuildInPrecompile, Boolean ensureIsUpToDate)
   at System.Web.UI.TemplateControl.LoadControl(VirtualPath virtualPath)
   at DotNetNuke.UI.ControlUtilities.LoadControl[T](TemplateControl containerControl, String ControlSrc)
   at DotNetNuke.UI.Modules.ModuleControlFactory.LoadModuleControl(TemplateControl containerControl, ModuleInfo moduleConfiguration)
   at DotNetNuke.UI.Modules.ModuleHost.LoadModuleControl()
14:59:40,095 [tdduy-pc][Thread:113][ERROR] DotNetNuke.Services.Exceptions.Exceptions - FriendlyMessage="L?i:  hi?n chua có." ctrl="DotNetNuke.UI.Modules.ModuleControlBase" exc="System.Web.HttpParseException (0x80004005): Could not load file or assembly 'AjaxControlToolkit' or one of its dependencies. The system cannot find the file specified. ---> System.Web.HttpParseException (0x80004005): Could not load file or assembly 'AjaxControlToolkit' or one of its dependencies. The system cannot find the file specified. ---> System.IO.FileNotFoundException: Could not load file or assembly 'AjaxControlToolkit' or one of its dependencies. The system cannot find the file specified.
File name: 'AjaxControlToolkit'
   at System.Reflection.RuntimeAssembly._nLoad(AssemblyName fileName, String codeBase, Evidence assemblySecurity, RuntimeAssembly locationHint, StackCrawlMark& stackMark, IntPtr pPrivHostBinder, Boolean throwOnFileNotFound, Boolean forIntrospection, Boolean suppressSecurityChecks)
   at System.Reflection.RuntimeAssembly.InternalLoadAssemblyName(AssemblyName assemblyRef, Evidence assemblySecurity, RuntimeAssembly reqAssembly, StackCrawlMark& stackMark, IntPtr pPrivHostBinder, Boolean throwOnFileNotFound, Boolean forIntrospection, Boolean suppressSecurityChecks)
   at System.Reflection.RuntimeAssembly.InternalLoad(String assemblyString, Evidence assemblySecurity, StackCrawlMark& stackMark, IntPtr pPrivHostBinder, Boolean forIntrospection)
   at System.Reflection.RuntimeAssembly.InternalLoad(String assemblyString, Evidence assemblySecurity, StackCrawlMark& stackMark, Boolean forIntrospection)
   at System.Reflection.Assembly.Load(String assemblyString)
   at System.Web.Configuration.CompilationSection.LoadAssembly(String assemblyName, Boolean throwOnFail)
   at System.Web.UI.TemplateParser.AddAssemblyDependency(String assemblyName, Boolean addDependentAssemblies)
   at System.Web.UI.MainTagNameToTypeMapper.ProcessTagNamespaceRegistrationCore(TagNamespaceRegisterEntry nsRegisterEntry)
   at System.Web.UI.BaseTemplateParser.ProcessDirective(String directiveName, IDictionary directive)
   at System.Web.UI.TemplateParser.ParseStringInternal(String text, Encoding fileEncoding)

WRN: Assembly binding logging is turned OFF.
To enable assembly bind failure logging, set the registry value [HKLM\Software\Microsoft\Fusion!EnableLog] (DWORD) to 1.
Note: There is some performance penalty associated with assembly bind failure logging.
To turn this feature off, remove the registry value [HKLM\Software\Microsoft\Fusion!EnableLog].

   at System.Web.UI.TemplateParser.ProcessException(Exception ex)
   at System.Web.UI.TemplateParser.ParseStringInternal(String text, Encoding fileEncoding)
   at System.Web.UI.TemplateParser.ParseString(String text, VirtualPath virtualPath, Encoding fileEncoding)
   at System.Web.UI.TemplateParser.ParseString(String text, VirtualPath virtualPath, Encoding fileEncoding)
   at System.Web.UI.TemplateParser.ParseFile(String physicalPath, VirtualPath virtualPath)
   at System.Web.UI.TemplateParser.ParseInternal()
   at System.Web.UI.TemplateParser.Parse()
   at System.Web.Compilation.BaseTemplateBuildProvider.get_CodeCompilerType()
   at System.Web.Compilation.BuildProvider.GetCompilerTypeFromBuildProvider(BuildProvider buildProvider)
   at System.Web.Compilation.BuildProvidersCompiler.ProcessBuildProviders()
   at System.Web.Compilation.BuildProvidersCompiler.PerformBuild()
   at System.Web.Compilation.BuildManager.CompileWebFile(VirtualPath virtualPath)
   at System.Web.Compilation.BuildManager.GetVPathBuildResultInternal(VirtualPath virtualPath, Boolean noBuild, Boolean allowCrossApp, Boolean allowBuildInPrecompile, Boolean throwIfNotFound, Boolean ensureIsUpToDate)
   at System.Web.Compilation.BuildManager.GetVPathBuildResultWithNoAssert(HttpContext context, VirtualPath virtualPath, Boolean noBuild, Boolean allowCrossApp, Boolean allowBuildInPrecompile, Boolean throwIfNotFound, Boolean ensureIsUpToDate)
   at System.Web.Compilation.BuildManager.GetVPathBuildResult(HttpContext context, VirtualPath virtualPath, Boolean noBuild, Boolean allowCrossApp, Boolean allowBuildInPrecompile, Boolean ensureIsUpToDate)
   at System.Web.UI.TemplateControl.LoadControl(VirtualPath virtualPath)
   at DotNetNuke.UI.ControlUtilities.LoadControl[T](TemplateControl containerControl, String ControlSrc)
   at DotNetNuke.UI.Modules.ModuleControlFactory.LoadModuleControl(TemplateControl containerControl, ModuleInfo moduleConfiguration)
   at DotNetNuke.UI.Modules.ModuleHost.LoadModuleControl()"
